{"message":"db loaded","level":"info","service":"user-service","timestamp":"2020-03-11 13:29:40"}
{"message":"Restify loaded","level":"info","service":"user-service","timestamp":"2020-03-11 13:29:40"}
{"message":"\nrestify listening to http://[::]:8080","level":"info","service":"user-service","timestamp":"2020-03-11 13:29:40"}
{"message":"db loaded","level":"info","service":"user-service","timestamp":"2020-03-11 13:33:03"}
{"message":"Restify loaded","level":"info","service":"user-service","timestamp":"2020-03-11 13:33:03"}
{"message":"\nrestify listening to http://[::]:8080","level":"info","service":"user-service","timestamp":"2020-03-11 13:33:03"}
{"message":"db loaded","level":"info","service":"user-service","timestamp":"2020-03-11 13:33:11"}
{"message":"Restify loaded","level":"info","service":"user-service","timestamp":"2020-03-11 13:33:11"}
{"message":"\nrestify listening to http://[::]:8080","level":"info","service":"user-service","timestamp":"2020-03-11 13:33:11"}
{"message":"db loaded","level":"info","service":"user-service","timestamp":"2020-03-11 13:35:51"}
{"message":"Restify loaded","level":"info","service":"user-service","timestamp":"2020-03-11 13:35:51"}
{"message":"\nrestify listening to http://[::]:8080","level":"info","service":"user-service","timestamp":"2020-03-11 13:35:51"}
{"message":"db loaded","level":"info","service":"user-service","timestamp":"2020-03-11 13:36:00"}
{"message":"Restify loaded","level":"info","service":"user-service","timestamp":"2020-03-11 13:36:00"}
{"message":"\nrestify listening to http://[::]:8080","level":"info","service":"user-service","timestamp":"2020-03-11 13:36:00"}
{"message":"db loaded","level":"info","service":"user-service","timestamp":"2020-03-11 13:36:18"}
{"message":"Restify loaded","level":"info","service":"user-service","timestamp":"2020-03-11 13:36:18"}
{"message":"\nrestify listening to http://[::]:8080","level":"info","service":"user-service","timestamp":"2020-03-11 13:36:18"}
{"message":"db loaded","level":"info","service":"user-service","timestamp":"2020-03-11 13:36:35"}
{"message":"Restify loaded","level":"info","service":"user-service","timestamp":"2020-03-11 13:36:35"}
{"message":"\nrestify listening to http://[::]:8080","level":"info","service":"user-service","timestamp":"2020-03-11 13:36:35"}
{"message":"db loaded","level":"info","service":"user-service","timestamp":"2020-03-11 13:36:57"}
{"message":"Restify loaded","level":"info","service":"user-service","timestamp":"2020-03-11 13:36:57"}
{"message":"\nrestify listening to http://[::]:8080","level":"info","service":"user-service","timestamp":"2020-03-11 13:36:57"}
{"message":"hehehe","level":"info","service":"user-service","timestamp":"2020-03-11 13:36:57"}
{"message":"db loaded","level":"info","service":"user-service","timestamp":"2020-03-11 13:44:18"}
{"message":"Restify loaded","level":"info","service":"user-service","timestamp":"2020-03-11 13:44:18"}
{"message":"\nrestify listening to http://[::]:8080","level":"info","service":"user-service","timestamp":"2020-03-11 13:44:18"}
{"message":"hehehe","level":"info","service":"user-service","timestamp":"2020-03-11 13:44:21"}
{"message":"db loaded","level":"info","service":"user-service","timestamp":"2020-03-11 13:45:58"}
{"message":"Restify loaded","level":"info","service":"user-service","timestamp":"2020-03-11 13:45:58"}
{"message":"\nrestify listening to http://[::]:8080","level":"info","service":"user-service","timestamp":"2020-03-11 13:45:58"}
{"message":"hehehe","level":"info","service":"user-service","timestamp":"2020-03-11 13:46:04"}
{"message":"db loaded","level":"info","service":"user-service","timestamp":"2020-03-11 14:10:10"}
{"message":"db loaded","level":"info","service":"user-service","timestamp":"2020-03-11 14:10:37"}
{"message":"Restify loaded","level":"info","service":"user-service","timestamp":"2020-03-11 14:10:37"}
{"message":"\npersonal listening to http://[::]:8080","level":"info","service":"user-service","timestamp":"2020-03-11 14:10:37"}
{"message":"hehehe","level":"info","service":"user-service","timestamp":"2020-03-11 14:11:00"}
{"message":"db loaded","level":"info","service":"user-service","timestamp":"2020-03-11 14:13:13"}
{"message":"Restify loaded","level":"info","service":"user-service","timestamp":"2020-03-11 14:13:13"}
{"message":"\npersonal listening to http://[::]:8080","level":"info","service":"user-service","timestamp":"2020-03-11 14:13:13"}
{"message":"db loaded","level":"info","service":"user-service","timestamp":"2020-03-11 14:13:19"}
{"message":"Restify loaded","level":"info","service":"user-service","timestamp":"2020-03-11 14:13:19"}
{"message":"\npersonal listening to http://[::]:8080","level":"info","service":"user-service","timestamp":"2020-03-11 14:13:19"}
{"message":"db loaded","level":"info","service":"user-service","timestamp":"2020-03-11 14:14:25"}
{"message":"Restify loaded","level":"info","service":"user-service","timestamp":"2020-03-11 14:14:25"}
{"message":"\npersonal listening to http://[::]:8080","level":"info","service":"user-service","timestamp":"2020-03-11 14:14:25"}
{"message":"db loaded","level":"info","service":"user-service","timestamp":"2020-03-11 14:17:19"}
{"message":"Restify loaded","level":"info","service":"user-service","timestamp":"2020-03-11 14:17:19"}
{"message":"\npersonal listening to http://[::]:8080","level":"info","service":"user-service","timestamp":"2020-03-11 14:17:19"}
{"message":"db loaded","level":"info","service":"user-service","timestamp":"2020-03-11 14:19:22"}
{"message":"Restify loaded","level":"info","service":"user-service","timestamp":"2020-03-11 14:19:22"}
{"message":"\npersonal listening to http://[::]:8080","level":"info","service":"user-service","timestamp":"2020-03-11 14:19:22"}
{"message":"db loaded","level":"info","service":"user-service","timestamp":"2020-03-11 14:21:02"}
{"message":"Restify loaded","level":"info","service":"user-service","timestamp":"2020-03-11 14:21:02"}
{"message":"\npersonal listening to http://[::]:8080","level":"info","service":"user-service","timestamp":"2020-03-11 14:21:02"}
{"message":"db loaded","level":"info","service":"user-service","timestamp":"2020-03-11 14:21:33"}
{"message":"Restify loaded","level":"info","service":"user-service","timestamp":"2020-03-11 14:21:33"}
{"message":"\npersonal listening to http://[::]:8080","level":"info","service":"user-service","timestamp":"2020-03-11 14:21:33"}
{"message":"db loaded","level":"info","service":"user-service","timestamp":"2020-03-11 14:21:50"}
{"message":"Restify loaded","level":"info","service":"user-service","timestamp":"2020-03-11 14:21:50"}
{"message":"\npersonal listening to http://[::]:8080","level":"info","service":"user-service","timestamp":"2020-03-11 14:21:50"}
{"message":"db loaded","level":"info","service":"user-service","timestamp":"2020-03-11 14:24:29"}
{"message":"Restify loaded","level":"info","service":"user-service","timestamp":"2020-03-11 14:24:29"}
{"message":"\npersonal listening to http://[::]:8080","level":"info","service":"user-service","timestamp":"2020-03-11 14:24:29"}
{"message":"db loaded","level":"info","service":"user-service","timestamp":"2020-03-11 14:27:08"}
{"message":"Restify loaded","level":"info","service":"user-service","timestamp":"2020-03-11 14:27:08"}
{"message":"\npersonal listening to http://[::]:8080","level":"info","service":"user-service","timestamp":"2020-03-11 14:27:08"}
{"message":"db loaded","level":"info","service":"user-service","timestamp":"2020-03-11 14:30:57"}
{"message":"Restify loaded","level":"info","service":"user-service","timestamp":"2020-03-11 14:30:57"}
{"message":"\npersonal listening to http://[::]:8080","level":"info","service":"user-service","timestamp":"2020-03-11 14:30:57"}
{"message":"db loaded","level":"info","service":"user-service","timestamp":"2020-03-11 14:31:17"}
{"message":"Restify loaded","level":"info","service":"user-service","timestamp":"2020-03-11 14:31:17"}
{"message":"\npersonal listening to http://[::]:8080","level":"info","service":"user-service","timestamp":"2020-03-11 14:31:17"}
{"message":"db loaded","level":"info","service":"user-service","timestamp":"2020-03-11 14:31:44"}
{"message":"Restify loaded","level":"info","service":"user-service","timestamp":"2020-03-11 14:31:44"}
{"message":"\npersonal listening to http://[::]:8080","level":"info","service":"user-service","timestamp":"2020-03-11 14:31:44"}
{"message":"db loaded","level":"info","service":"user-service","timestamp":"2020-03-11 14:35:04"}
{"message":"Restify loaded","level":"info","service":"user-service","timestamp":"2020-03-11 14:35:04"}
{"message":"\npersonal listening to http://[::]:8080","level":"info","service":"user-service","timestamp":"2020-03-11 14:35:04"}
{"message":"db loaded","level":"info","service":"user-service","timestamp":"2020-03-11 14:43:13"}
{"message":"Restify loaded","level":"info","service":"user-service","timestamp":"2020-03-11 14:43:13"}
{"message":"\npersonal listening to http://[::]:8080","level":"info","service":"user-service","timestamp":"2020-03-11 14:43:13"}
{"message":"db loaded","level":"info","service":"user-service","timestamp":"2020-03-11 14:45:59"}
{"message":"Restify loaded","level":"info","service":"user-service","timestamp":"2020-03-11 14:45:59"}
{"message":"\npersonal listening to http://[::]:8080","level":"info","service":"user-service","timestamp":"2020-03-11 14:45:59"}
{"message":"db loaded","level":"info","service":"user-service","timestamp":"2020-03-11 14:46:14"}
{"message":"Restify loaded","level":"info","service":"user-service","timestamp":"2020-03-11 14:46:14"}
{"message":"\npersonal listening to http://[::]:8080","level":"info","service":"user-service","timestamp":"2020-03-11 14:46:14"}
{"message":"db loaded","level":"info","service":"user-service","timestamp":"2020-03-11 14:46:43"}
{"message":"Restify loaded","level":"info","service":"user-service","timestamp":"2020-03-11 14:46:43"}
{"message":"\npersonal listening to http://[::]:8080","level":"info","service":"user-service","timestamp":"2020-03-11 14:46:43"}
{"message":"db loaded","level":"info","service":"user-service","timestamp":"2020-03-11 14:46:59"}
{"message":"Restify loaded","level":"info","service":"user-service","timestamp":"2020-03-11 14:47:00"}
{"message":"\npersonal listening to http://[::]:8080","level":"info","service":"user-service","timestamp":"2020-03-11 14:47:00"}
{"message":"db loaded","level":"info","service":"user-service","timestamp":"2020-03-11 14:47:05"}
{"message":"Restify loaded","level":"info","service":"user-service","timestamp":"2020-03-11 14:47:05"}
{"message":"\npersonal listening to http://[::]:8080","level":"info","service":"user-service","timestamp":"2020-03-11 14:47:05"}
{"message":"db loaded","level":"info","service":"user-service","timestamp":"2020-03-11 14:49:27"}
{"message":"Restify loaded","level":"info","service":"user-service","timestamp":"2020-03-11 14:49:27"}
{"message":"\npersonal listening to http://[::]:8080","level":"info","service":"user-service","timestamp":"2020-03-11 14:49:27"}
{"message":"db loaded","level":"info","service":"user-service","timestamp":"2020-03-11 14:49:38"}
{"message":"Restify loaded","level":"info","service":"user-service","timestamp":"2020-03-11 14:49:39"}
{"message":"\npersonal listening to http://[::]:8080","level":"info","service":"user-service","timestamp":"2020-03-11 14:49:39"}
{"message":"db loaded","level":"info","service":"user-service","timestamp":"2020-03-11 14:51:44"}
{"message":"Restify loaded","level":"info","service":"user-service","timestamp":"2020-03-11 14:51:44"}
{"message":"\npersonal listening to http://[::]:8080","level":"info","service":"user-service","timestamp":"2020-03-11 14:51:44"}
{"message":"db loaded","level":"info","service":"user-service","timestamp":"2020-03-11 14:53:50"}
{"message":"Restify loaded","level":"info","service":"user-service","timestamp":"2020-03-11 14:53:51"}
{"message":"\npersonal listening to http://[::]:8080","level":"info","service":"user-service","timestamp":"2020-03-11 14:53:51"}
{"message":"db loaded","level":"info","service":"user-service","timestamp":"2020-03-11 14:54:05"}
{"message":"Restify loaded","level":"info","service":"user-service","timestamp":"2020-03-11 14:54:05"}
{"message":"\npersonal listening to http://[::]:8080","level":"info","service":"user-service","timestamp":"2020-03-11 14:54:05"}
{"message":"db loaded","level":"info","service":"user-service","timestamp":"2020-03-11 14:54:26"}
{"message":"Restify loaded","level":"info","service":"user-service","timestamp":"2020-03-11 14:54:26"}
{"message":"\npersonal listening to http://[::]:8080","level":"info","service":"user-service","timestamp":"2020-03-11 14:54:26"}
{"message":"db loaded","level":"info","service":"user-service","timestamp":"2020-03-11 14:54:41"}
{"message":"Restify loaded","level":"info","service":"user-service","timestamp":"2020-03-11 14:54:42"}
{"message":"\npersonal listening to http://[::]:8080","level":"info","service":"user-service","timestamp":"2020-03-11 14:54:42"}
{"message":"db loaded","level":"info","service":"user-service","timestamp":"2020-03-11 14:55:58"}
{"message":"Restify loaded","level":"info","service":"user-service","timestamp":"2020-03-11 14:55:58"}
{"message":"\npersonal listening to http://[::]:8080","level":"info","service":"user-service","timestamp":"2020-03-11 14:55:58"}
{"message":"db loaded","level":"info","service":"user-service","timestamp":"2020-03-11 14:56:12"}
{"message":"Restify loaded","level":"info","service":"user-service","timestamp":"2020-03-11 14:56:12"}
{"message":"\npersonal listening to http://[::]:8080","level":"info","service":"user-service","timestamp":"2020-03-11 14:56:12"}
{"message":"db loaded","level":"info","service":"user-service","timestamp":"2020-03-11 14:57:08"}
{"message":"Restify loaded","level":"info","service":"user-service","timestamp":"2020-03-11 14:57:08"}
{"message":"\npersonal listening to http://[::]:8080","level":"info","service":"user-service","timestamp":"2020-03-11 14:57:08"}
{"message":"db loaded","level":"info","service":"user-service","timestamp":"2020-03-11 14:57:18"}
{"message":"Restify loaded","level":"info","service":"user-service","timestamp":"2020-03-11 14:57:18"}
{"message":"\npersonal listening to http://[::]:8080","level":"info","service":"user-service","timestamp":"2020-03-11 14:57:18"}
{"message":"db loaded","level":"info","service":"user-service","timestamp":"2020-03-11 14:57:53"}
{"message":"Restify loaded","level":"info","service":"user-service","timestamp":"2020-03-11 14:57:53"}
{"message":"\npersonal listening to http://[::]:8080","level":"info","service":"user-service","timestamp":"2020-03-11 14:57:53"}
{"message":"db loaded","level":"info","service":"user-service","timestamp":"2020-03-11 14:58:13"}
{"message":"Restify loaded","level":"info","service":"user-service","timestamp":"2020-03-11 14:58:13"}
{"message":"\npersonal listening to http://[::]:8080","level":"info","service":"user-service","timestamp":"2020-03-11 14:58:13"}
{"message":"db loaded","level":"info","service":"user-service","timestamp":"2020-03-11 14:58:47"}
{"message":"Restify loaded","level":"info","service":"user-service","timestamp":"2020-03-11 14:58:47"}
{"message":"\npersonal listening to http://[::]:8080","level":"info","service":"user-service","timestamp":"2020-03-11 14:58:47"}
{"message":"db loaded","level":"info","service":"user-service","timestamp":"2020-03-11 15:00:49"}
{"message":"Restify loaded","level":"info","service":"user-service","timestamp":"2020-03-11 15:00:49"}
{"message":"\npersonal listening to http://[::]:8080","level":"info","service":"user-service","timestamp":"2020-03-11 15:00:49"}
{"message":"db loaded","level":"info","service":"user-service","timestamp":"2020-03-11 15:01:54"}
{"message":"Restify loaded","level":"info","service":"user-service","timestamp":"2020-03-11 15:01:54"}
{"message":"\npersonal listening to http://[::]:8080","level":"info","service":"user-service","timestamp":"2020-03-11 15:01:54"}
{"message":"db loaded","level":"info","service":"user-service","timestamp":"2020-03-11 15:02:39"}
{"message":"Restify loaded","level":"info","service":"user-service","timestamp":"2020-03-11 15:02:39"}
{"message":"\npersonal listening to http://[::]:8080","level":"info","service":"user-service","timestamp":"2020-03-11 15:02:39"}
{"message":"db loaded","level":"info","service":"user-service","timestamp":"2020-03-11 15:04:16"}
{"message":"Restify loaded","level":"info","service":"user-service","timestamp":"2020-03-11 15:04:16"}
{"message":"\npersonal listening to http://[::]:8080","level":"info","service":"user-service","timestamp":"2020-03-11 15:04:16"}
{"message":"db loaded","level":"info","service":"user-service","timestamp":"2020-03-11 15:06:34"}
{"message":"Restify loaded","level":"info","service":"user-service","timestamp":"2020-03-11 15:06:34"}
{"message":"\npersonal listening to http://[::]:8080","level":"info","service":"user-service","timestamp":"2020-03-11 15:06:34"}
{"message":"db loaded","level":"info","service":"user-service","timestamp":"2020-03-11 15:06:55"}
{"message":"Restify loaded","level":"info","service":"user-service","timestamp":"2020-03-11 15:06:55"}
{"message":"\npersonal listening to http://[::]:8080","level":"info","service":"user-service","timestamp":"2020-03-11 15:06:55"}
{"message":"db loaded","level":"info","service":"user-service","timestamp":"2020-03-11 15:07:33"}
{"message":"Restify loaded","level":"info","service":"user-service","timestamp":"2020-03-11 15:07:33"}
{"message":"\npersonal listening to http://[::]:8080","level":"info","service":"user-service","timestamp":"2020-03-11 15:07:33"}
{"message":"db loaded","level":"info","service":"user-service","timestamp":"2020-03-11 15:09:26"}
{"message":"Restify loaded","level":"info","service":"user-service","timestamp":"2020-03-11 15:09:26"}
{"message":"\npersonal listening to http://[::]:8080","level":"info","service":"user-service","timestamp":"2020-03-11 15:09:26"}
{"message":"db loaded","level":"info","service":"user-service","timestamp":"2020-03-11 15:10:13"}
{"message":"Restify loaded","level":"info","service":"user-service","timestamp":"2020-03-11 15:10:13"}
{"message":"\npersonal listening to http://[::]:8080","level":"info","service":"user-service","timestamp":"2020-03-11 15:10:13"}
{"message":"db loaded","level":"info","service":"user-service","timestamp":"2020-03-11 15:10:23"}
{"message":"db loaded","level":"info","service":"user-service","timestamp":"2020-03-11 15:10:27"}
{"message":"Restify loaded","level":"info","service":"user-service","timestamp":"2020-03-11 15:10:27"}
{"message":"\npersonal listening to http://[::]:8080","level":"info","service":"user-service","timestamp":"2020-03-11 15:10:27"}
{"message":"db loaded","level":"info","service":"user-service","timestamp":"2020-03-11 15:21:17"}
{"message":"Restify loaded","level":"info","service":"user-service","timestamp":"2020-03-11 15:21:17"}
{"message":"\npersonal listening to http://[::]:8080","level":"info","service":"user-service","timestamp":"2020-03-11 15:21:17"}
{"message":"db loaded","level":"info","service":"user-service","timestamp":"2020-03-11 15:24:18"}
{"message":"Restify loaded","level":"info","service":"user-service","timestamp":"2020-03-11 15:24:18"}
{"message":"\npersonal listening to http://[::]:8080","level":"info","service":"user-service","timestamp":"2020-03-11 15:24:18"}
{"message":"db loaded","level":"info","service":"user-service","timestamp":"2020-03-11 15:24:26"}
{"message":"Restify loaded","level":"info","service":"user-service","timestamp":"2020-03-11 15:24:26"}
{"message":"\npersonal listening to http://[::]:8080","level":"info","service":"user-service","timestamp":"2020-03-11 15:24:26"}
{"message":"db loaded","level":"info","service":"user-service","timestamp":"2020-03-11 15:25:11"}
{"message":"Restify loaded","level":"info","service":"user-service","timestamp":"2020-03-11 15:25:12"}
{"message":"\npersonal listening to http://[::]:8080","level":"info","service":"user-service","timestamp":"2020-03-11 15:25:13"}
{"message":"db loaded","level":"info","service":"user-service","timestamp":"2020-03-11 15:25:16"}
{"message":"Restify loaded","level":"info","service":"user-service","timestamp":"2020-03-11 15:25:16"}
{"message":"\npersonal listening to http://[::]:8080","level":"info","service":"user-service","timestamp":"2020-03-11 15:25:16"}
{"message":"db loaded","level":"info","service":"user-service","timestamp":"2020-03-11 15:25:52"}
{"message":"Restify loaded","level":"info","service":"user-service","timestamp":"2020-03-11 15:25:52"}
{"message":"\npersonal listening to http://[::]:8080","level":"info","service":"user-service","timestamp":"2020-03-11 15:25:52"}
{"message":"db loaded","level":"info","service":"user-service","timestamp":"2020-03-11 15:25:59"}
{"message":"db loaded","level":"info","service":"user-service","timestamp":"2020-03-11 15:26:03"}
{"message":"Restify loaded","level":"info","service":"user-service","timestamp":"2020-03-11 15:26:03"}
{"message":"\npersonal listening to http://[::]:8080","level":"info","service":"user-service","timestamp":"2020-03-11 15:26:03"}
{"message":"db loaded","level":"info","service":"user-service","timestamp":"2020-03-11 15:26:39"}
{"message":"Restify loaded","level":"info","service":"user-service","timestamp":"2020-03-11 15:26:39"}
{"message":"\npersonal listening to http://[::]:8080","level":"info","service":"user-service","timestamp":"2020-03-11 15:26:39"}
{"message":"db loaded","level":"info","service":"user-service","timestamp":"2020-03-11 16:51:55"}
{"message":"Restify loaded","level":"info","service":"user-service","timestamp":"2020-03-11 16:51:56"}
{"message":"\npersonal listening to http://[::]:8080","level":"info","service":"user-service","timestamp":"2020-03-11 16:51:56"}
{"message":"db loaded","level":"info","service":"user-service","timestamp":"2020-03-11 16:58:14"}
{"message":"Restify loaded","level":"info","service":"user-service","timestamp":"2020-03-11 16:58:14"}
{"message":"\npersonal listening to http://[::]:8080","level":"info","service":"user-service","timestamp":"2020-03-11 16:58:14"}
{"message":"db loaded","level":"info","service":"user-service","timestamp":"2020-03-11 17:03:13"}
{"message":"Restify loaded","level":"info","service":"user-service","timestamp":"2020-03-11 17:03:13"}
{"message":"\npersonal listening to http://[::]:8080","level":"info","service":"user-service","timestamp":"2020-03-11 17:03:13"}
{"message":"db loaded","level":"info","service":"user-service","timestamp":"2020-03-11 17:03:58"}
{"message":"Restify loaded","level":"info","service":"user-service","timestamp":"2020-03-11 17:03:58"}
{"message":"\npersonal listening to http://[::]:8080","level":"info","service":"user-service","timestamp":"2020-03-11 17:03:58"}
{"message":"db loaded","level":"info","service":"user-service","timestamp":"2020-03-11 17:09:26"}
{"message":"Restify loaded","level":"info","service":"user-service","timestamp":"2020-03-11 17:09:27"}
{"message":"\npersonal listening to http://[::]:8080","level":"info","service":"user-service","timestamp":"2020-03-11 17:09:27"}
{"message":"db loaded","level":"info","service":"user-service","timestamp":"2020-03-11 17:09:30"}
{"message":"Restify loaded","level":"info","service":"user-service","timestamp":"2020-03-11 17:09:30"}
{"message":"\npersonal listening to http://[::]:8080","level":"info","service":"user-service","timestamp":"2020-03-11 17:09:30"}
{"message":"db loaded","level":"info","service":"user-service","timestamp":"2020-03-11 17:17:15"}
{"message":"Restify loaded","level":"info","service":"user-service","timestamp":"2020-03-11 17:17:15"}
{"message":"\npersonal listening to http://[::]:8080","level":"info","service":"user-service","timestamp":"2020-03-11 17:17:15"}
{"message":"db loaded","level":"info","service":"user-service","timestamp":"2020-03-11 17:18:18"}
{"message":"Restify loaded","level":"info","service":"user-service","timestamp":"2020-03-11 17:18:18"}
{"message":"\npersonal listening to http://[::]:8080","level":"info","service":"user-service","timestamp":"2020-03-11 17:18:18"}
{"message":"db loaded","level":"info","service":"user-service","timestamp":"2020-03-11 17:18:39"}
{"message":"Restify loaded","level":"info","service":"user-service","timestamp":"2020-03-11 17:18:39"}
{"message":"\npersonal listening to http://[::]:8080","level":"info","service":"user-service","timestamp":"2020-03-11 17:18:39"}
{"message":"db loaded","level":"info","service":"user-service","timestamp":"2020-03-11 17:23:31"}
{"message":"Restify loaded","level":"info","service":"user-service","timestamp":"2020-03-11 17:23:31"}
{"message":"\npersonal listening to http://[::]:8080","level":"info","service":"user-service","timestamp":"2020-03-11 17:23:31"}
{"message":"db loaded","level":"info","service":"user-service","timestamp":"2020-03-11 17:23:52"}
{"message":"Restify loaded","level":"info","service":"user-service","timestamp":"2020-03-11 17:23:52"}
{"message":"\npersonal listening to http://[::]:8080","level":"info","service":"user-service","timestamp":"2020-03-11 17:23:52"}
{"message":"db loaded","level":"info","service":"user-service","timestamp":"2020-03-11 17:31:25"}
{"message":"Restify loaded","level":"info","service":"user-service","timestamp":"2020-03-11 17:31:26"}
{"message":"\npersonal listening to http://[::]:8080","level":"info","service":"user-service","timestamp":"2020-03-11 17:31:26"}
{"message":"db loaded","level":"info","service":"user-service","timestamp":"2020-03-11 17:31:43"}
{"message":"Restify loaded","level":"info","service":"user-service","timestamp":"2020-03-11 17:31:43"}
{"message":"\npersonal listening to http://[::]:8080","level":"info","service":"user-service","timestamp":"2020-03-11 17:31:43"}
{"message":"db loaded","level":"info","service":"user-service","timestamp":"2020-03-11 17:32:04"}
{"message":"Restify loaded","level":"info","service":"user-service","timestamp":"2020-03-11 17:32:04"}
{"message":"\npersonal listening to http://[::]:8080","level":"info","service":"user-service","timestamp":"2020-03-11 17:32:04"}
{"message":"db loaded","level":"info","service":"user-service","timestamp":"2020-03-11 17:34:30"}
{"message":"Restify loaded","level":"info","service":"user-service","timestamp":"2020-03-11 17:34:30"}
{"message":"\npersonal listening to http://[::]:8080","level":"info","service":"user-service","timestamp":"2020-03-11 17:34:30"}
{"message":"db loaded","level":"info","service":"user-service","timestamp":"2020-03-11 17:34:45"}
{"message":"Restify loaded","level":"info","service":"user-service","timestamp":"2020-03-11 17:34:45"}
{"message":"\npersonal listening to http://[::]:8080","level":"info","service":"user-service","timestamp":"2020-03-11 17:34:45"}
{"message":"db loaded","level":"info","service":"user-service","timestamp":"2020-03-11 17:35:06"}
{"message":"Restify loaded","level":"info","service":"user-service","timestamp":"2020-03-11 17:35:06"}
{"message":"\npersonal listening to http://[::]:8080","level":"info","service":"user-service","timestamp":"2020-03-11 17:35:06"}
{"message":"db loaded","level":"info","service":"user-service","timestamp":"2020-03-11 17:35:22"}
{"message":"Restify loaded","level":"info","service":"user-service","timestamp":"2020-03-11 17:35:22"}
{"message":"\npersonal listening to http://[::]:8080","level":"info","service":"user-service","timestamp":"2020-03-11 17:35:22"}
{"message":"db loaded","level":"info","service":"user-service","timestamp":"2020-03-11 17:35:24"}
{"message":"Restify loaded","level":"info","service":"user-service","timestamp":"2020-03-11 17:35:24"}
{"message":"\npersonal listening to http://[::]:8080","level":"info","service":"user-service","timestamp":"2020-03-11 17:35:24"}
{"message":"db loaded","level":"info","service":"user-service","timestamp":"2020-03-11 17:35:45"}
{"message":"Restify loaded","level":"info","service":"user-service","timestamp":"2020-03-11 17:35:45"}
{"message":"\npersonal listening to http://[::]:8080","level":"info","service":"user-service","timestamp":"2020-03-11 17:35:45"}
{"message":"db loaded","level":"info","service":"user-service","timestamp":"2020-03-11 17:36:02"}
{"message":"Restify loaded","level":"info","service":"user-service","timestamp":"2020-03-11 17:36:02"}
{"message":"\npersonal listening to http://[::]:8080","level":"info","service":"user-service","timestamp":"2020-03-11 17:36:03"}
{"message":"db loaded","level":"info","service":"user-service","timestamp":"2020-03-11 17:37:36"}
{"message":"Restify loaded","level":"info","service":"user-service","timestamp":"2020-03-11 17:37:36"}
{"message":"\npersonal listening to http://[::]:8080","level":"info","service":"user-service","timestamp":"2020-03-11 17:37:36"}
{"message":"db loaded","level":"info","service":"user-service","timestamp":"2020-03-11 17:40:04"}
{"message":"Restify loaded","level":"info","service":"user-service","timestamp":"2020-03-11 17:40:04"}
{"message":"\npersonal listening to http://[::]:8080","level":"info","service":"user-service","timestamp":"2020-03-11 17:40:04"}
{"message":"db loaded","level":"info","service":"user-service","timestamp":"2020-03-11 17:40:19"}
{"message":"Restify loaded","level":"info","service":"user-service","timestamp":"2020-03-11 17:40:19"}
{"message":"\npersonal listening to http://[::]:8080","level":"info","service":"user-service","timestamp":"2020-03-11 17:40:19"}
{"message":"db loaded","level":"info","service":"user-service","timestamp":"2020-03-11 17:40:38"}
{"message":"Restify loaded","level":"info","service":"user-service","timestamp":"2020-03-11 17:40:38"}
{"message":"\npersonal listening to http://[::]:8080","level":"info","service":"user-service","timestamp":"2020-03-11 17:40:38"}
{"message":"db loaded","level":"info","service":"user-service","timestamp":"2020-03-11 17:40:51"}
{"message":"Restify loaded","level":"info","service":"user-service","timestamp":"2020-03-11 17:40:51"}
{"message":"\npersonal listening to http://[::]:8080","level":"info","service":"user-service","timestamp":"2020-03-11 17:40:51"}
{"message":"db loaded","level":"info","service":"user-service","timestamp":"2020-03-11 17:41:52"}
{"message":"Restify loaded","level":"info","service":"user-service","timestamp":"2020-03-11 17:41:53"}
{"message":"\npersonal listening to http://[::]:8080","level":"info","service":"user-service","timestamp":"2020-03-11 17:41:53"}
{"message":"db loaded","level":"info","service":"user-service","timestamp":"2020-03-11 17:42:56"}
{"message":"Restify loaded","level":"info","service":"user-service","timestamp":"2020-03-11 17:42:56"}
{"message":"\npersonal listening to http://[::]:8080","level":"info","service":"user-service","timestamp":"2020-03-11 17:42:56"}
{"message":"db loaded","level":"info","service":"user-service","timestamp":"2020-03-11 17:44:14"}
{"message":"Restify loaded","level":"info","service":"user-service","timestamp":"2020-03-11 17:44:15"}
{"message":"\npersonal listening to http://[::]:8080","level":"info","service":"user-service","timestamp":"2020-03-11 17:44:15"}
{"message":"db loaded","level":"info","service":"user-service","timestamp":"2020-03-11 17:44:40"}
{"message":"Restify loaded","level":"info","service":"user-service","timestamp":"2020-03-11 17:44:40"}
{"message":"\npersonal listening to http://[::]:8080","level":"info","service":"user-service","timestamp":"2020-03-11 17:44:40"}
{"message":"db loaded","level":"info","service":"user-service","timestamp":"2020-03-11 17:44:51"}
{"message":"Restify loaded","level":"info","service":"user-service","timestamp":"2020-03-11 17:44:51"}
{"message":"\npersonal listening to http://[::]:8080","level":"info","service":"user-service","timestamp":"2020-03-11 17:44:51"}
{"message":"db loaded","level":"info","service":"user-service","timestamp":"2020-03-11 17:48:08"}
{"message":"Restify loaded","level":"info","service":"user-service","timestamp":"2020-03-11 17:48:08"}
{"message":"\npersonal listening to http://[::]:8080","level":"info","service":"user-service","timestamp":"2020-03-11 17:48:08"}
{"message":"db loaded","level":"info","service":"user-service","timestamp":"2020-03-11 17:49:48"}
{"message":"Restify loaded","level":"info","service":"user-service","timestamp":"2020-03-11 17:49:48"}
{"message":"\npersonal listening to http://[::]:8080","level":"info","service":"user-service","timestamp":"2020-03-11 17:49:48"}
{"message":"db loaded","level":"info","service":"user-service","timestamp":"2020-03-11 17:50:02"}
{"message":"Restify loaded","level":"info","service":"user-service","timestamp":"2020-03-11 17:50:02"}
{"message":"\npersonal listening to http://[::]:8080","level":"info","service":"user-service","timestamp":"2020-03-11 17:50:02"}
{"message":"db loaded","level":"info","service":"user-service","timestamp":"2020-03-11 17:51:11"}
{"message":"Restify loaded","level":"info","service":"user-service","timestamp":"2020-03-11 17:51:11"}
{"message":"\npersonal listening to http://[::]:8080","level":"info","service":"user-service","timestamp":"2020-03-11 17:51:11"}
{"message":"db loaded","level":"info","service":"user-service","timestamp":"2020-03-11 17:53:14"}
{"message":"Restify loaded","level":"info","service":"user-service","timestamp":"2020-03-11 17:53:14"}
{"message":"\npersonal listening to http://[::]:8080","level":"info","service":"user-service","timestamp":"2020-03-11 17:53:14"}
{"message":"db loaded","level":"info","service":"user-service","timestamp":"2020-03-11 17:53:19"}
{"message":"Restify loaded","level":"info","service":"user-service","timestamp":"2020-03-11 17:53:19"}
{"message":"\npersonal listening to http://[::]:8080","level":"info","service":"user-service","timestamp":"2020-03-11 17:53:19"}
{"message":"db loaded","level":"info","service":"user-service","timestamp":"2020-03-11 17:55:45"}
{"message":"Restify loaded","level":"info","service":"user-service","timestamp":"2020-03-11 17:55:45"}
{"message":"\npersonal listening to http://[::]:8080","level":"info","service":"user-service","timestamp":"2020-03-11 17:55:45"}
{"message":"db loaded","level":"info","service":"user-service","timestamp":"2020-03-11 17:58:58"}
{"message":"Restify loaded","level":"info","service":"user-service","timestamp":"2020-03-11 17:58:58"}
{"message":"\npersonal listening to http://[::]:8080","level":"info","service":"user-service","timestamp":"2020-03-11 17:58:58"}
{"message":"db loaded","level":"info","service":"user-service","timestamp":"2020-03-11 17:59:11"}
{"message":"Restify loaded","level":"info","service":"user-service","timestamp":"2020-03-11 17:59:11"}
{"message":"\npersonal listening to http://[::]:8080","level":"info","service":"user-service","timestamp":"2020-03-11 17:59:11"}
{"message":"db loaded","level":"info","service":"user-service","timestamp":"2020-03-11 17:59:25"}
{"message":"Restify loaded","level":"info","service":"user-service","timestamp":"2020-03-11 17:59:25"}
{"message":"\npersonal listening to http://[::]:8080","level":"info","service":"user-service","timestamp":"2020-03-11 17:59:25"}
{"message":"db loaded","level":"info","service":"user-service","timestamp":"2020-03-11 17:59:59"}
{"message":"Restify loaded","level":"info","service":"user-service","timestamp":"2020-03-11 18:00:00"}
{"message":"\npersonal listening to http://[::]:8080","level":"info","service":"user-service","timestamp":"2020-03-11 18:00:00"}
{"message":"db loaded","level":"info","service":"user-service","timestamp":"2020-03-11 18:04:21"}
{"message":"Restify loaded","level":"info","service":"user-service","timestamp":"2020-03-11 18:04:21"}
{"message":"\npersonal listening to http://[::]:8080","level":"info","service":"user-service","timestamp":"2020-03-11 18:04:21"}
{"message":"db loaded","level":"info","service":"user-service","timestamp":"2020-03-16 13:23:34"}
{"message":"Restify loaded","level":"info","service":"user-service","timestamp":"2020-03-16 13:23:34"}
{"message":"\npersonal listening to http://[::]:8080","level":"info","service":"user-service","timestamp":"2020-03-16 13:23:34"}
{"message":"db loaded","level":"info","service":"user-service","timestamp":"2020-03-16 13:30:04"}
{"message":"Restify loaded","level":"info","service":"user-service","timestamp":"2020-03-16 13:30:04"}
{"message":"\npersonal listening to http://[::]:8080","level":"info","service":"user-service","timestamp":"2020-03-16 13:30:04"}
{"message":"db loaded","level":"info","service":"user-service","timestamp":"2020-03-16 13:30:59"}
{"message":"Restify loaded","level":"info","service":"user-service","timestamp":"2020-03-16 13:30:59"}
{"message":"\npersonal listening to http://[::]:8080","level":"info","service":"user-service","timestamp":"2020-03-16 13:30:59"}
{"message":"db loaded","level":"info","service":"user-service","timestamp":"2020-03-16 13:31:35"}
{"message":"Restify loaded","level":"info","service":"user-service","timestamp":"2020-03-16 13:31:35"}
{"message":"\npersonal listening to http://[::]:8080","level":"info","service":"user-service","timestamp":"2020-03-16 13:31:35"}
{"message":"db loaded","level":"info","service":"user-service","timestamp":"2020-03-16 13:33:10"}
{"message":"Restify loaded","level":"info","service":"user-service","timestamp":"2020-03-16 13:33:10"}
{"message":"\npersonal listening to http://[::]:8080","level":"info","service":"user-service","timestamp":"2020-03-16 13:33:10"}
{"message":"db loaded","level":"info","service":"user-service","timestamp":"2020-03-16 13:40:37"}
{"message":"Restify loaded","level":"info","service":"user-service","timestamp":"2020-03-16 13:40:37"}
{"message":"\npersonal listening to http://[::]:8080","level":"info","service":"user-service","timestamp":"2020-03-16 13:40:37"}
{"message":"db loaded","level":"info","service":"user-service","timestamp":"2020-03-16 13:40:45"}
{"message":"Restify loaded","level":"info","service":"user-service","timestamp":"2020-03-16 13:40:45"}
{"message":"\npersonal listening to http://[::]:8080","level":"info","service":"user-service","timestamp":"2020-03-16 13:40:45"}
{"message":"db loaded","level":"info","service":"user-service","timestamp":"2020-03-16 13:40:59"}
{"message":"Restify loaded","level":"info","service":"user-service","timestamp":"2020-03-16 13:40:59"}
{"message":"\npersonal listening to http://[::]:8080","level":"info","service":"user-service","timestamp":"2020-03-16 13:40:59"}
{"message":"db loaded","level":"info","service":"user-service","timestamp":"2020-03-16 13:41:09"}
{"message":"Restify loaded","level":"info","service":"user-service","timestamp":"2020-03-16 13:41:09"}
{"message":"\npersonal listening to http://[::]:8080","level":"info","service":"user-service","timestamp":"2020-03-16 13:41:09"}
{"message":"db loaded","level":"info","service":"user-service","timestamp":"2020-03-16 13:43:14"}
{"message":"Restify loaded","level":"info","service":"user-service","timestamp":"2020-03-16 13:43:14"}
{"message":"\npersonal listening to http://[::]:8080","level":"info","service":"user-service","timestamp":"2020-03-16 13:43:14"}
{"message":"db loaded","level":"info","service":"user-service","timestamp":"2020-03-16 14:05:14"}
{"message":"Restify loaded","level":"info","service":"user-service","timestamp":"2020-03-16 14:05:14"}
{"message":"\npersonal listening to http://[::]:8080","level":"info","service":"user-service","timestamp":"2020-03-16 14:05:14"}
{"message":"db loaded","level":"info","service":"user-service","timestamp":"2020-03-16 14:05:58"}
{"message":"Restify loaded","level":"info","service":"user-service","timestamp":"2020-03-16 14:05:58"}
{"message":"\npersonal listening to http://[::]:8080","level":"info","service":"user-service","timestamp":"2020-03-16 14:05:58"}
{"message":"db loaded","level":"info","service":"user-service","timestamp":"2020-03-16 14:09:32"}
{"message":"Restify loaded","level":"info","service":"user-service","timestamp":"2020-03-16 14:09:32"}
{"message":"\npersonal listening to http://[::]:8080","level":"info","service":"user-service","timestamp":"2020-03-16 14:09:32"}
{"message":"db loaded","level":"info","service":"user-service","timestamp":"2020-03-16 14:11:52"}
{"message":"Restify loaded","level":"info","service":"user-service","timestamp":"2020-03-16 14:11:52"}
{"message":"\npersonal listening to http://[::]:8080","level":"info","service":"user-service","timestamp":"2020-03-16 14:11:52"}
{"message":"db loaded","level":"info","service":"user-service","timestamp":"2020-03-16 14:11:58"}
{"message":"Restify loaded","level":"info","service":"user-service","timestamp":"2020-03-16 14:11:58"}
{"message":"\npersonal listening to http://[::]:8080","level":"info","service":"user-service","timestamp":"2020-03-16 14:11:58"}
{"message":"db loaded","level":"info","service":"user-service","timestamp":"2020-03-16 14:12:03"}
{"message":"Restify loaded","level":"info","service":"user-service","timestamp":"2020-03-16 14:12:03"}
{"message":"\npersonal listening to http://[::]:8080","level":"info","service":"user-service","timestamp":"2020-03-16 14:12:03"}
{"message":"db loaded","level":"info","service":"user-service","timestamp":"2020-03-16 14:12:43"}
{"message":"Restify loaded","level":"info","service":"user-service","timestamp":"2020-03-16 14:12:43"}
{"message":"\npersonal listening to http://[::]:8080","level":"info","service":"user-service","timestamp":"2020-03-16 14:12:43"}
{"message":"db loaded","level":"info","service":"user-service","timestamp":"2020-03-16 14:13:54"}
{"message":"Restify loaded","level":"info","service":"user-service","timestamp":"2020-03-16 14:13:54"}
{"message":"\npersonal listening to http://[::]:8080","level":"info","service":"user-service","timestamp":"2020-03-16 14:13:54"}
{"message":"db loaded","level":"info","service":"user-service","timestamp":"2020-03-16 14:14:13"}
{"message":"Restify loaded","level":"info","service":"user-service","timestamp":"2020-03-16 14:14:13"}
{"message":"\npersonal listening to http://[::]:8080","level":"info","service":"user-service","timestamp":"2020-03-16 14:14:13"}
{"message":"db loaded","level":"info","service":"user-service","timestamp":"2020-03-16 14:14:36"}
{"message":"Restify loaded","level":"info","service":"user-service","timestamp":"2020-03-16 14:14:36"}
{"message":"\npersonal listening to http://[::]:8080","level":"info","service":"user-service","timestamp":"2020-03-16 14:14:36"}
{"message":"db loaded","level":"info","service":"user-service","timestamp":"2020-03-16 14:15:15"}
{"message":"Restify loaded","level":"info","service":"user-service","timestamp":"2020-03-16 14:15:15"}
{"message":"\npersonal listening to http://[::]:8080","level":"info","service":"user-service","timestamp":"2020-03-16 14:15:15"}
{"message":"db loaded","level":"info","service":"user-service","timestamp":"2020-03-16 14:15:41"}
{"message":"Restify loaded","level":"info","service":"user-service","timestamp":"2020-03-16 14:15:41"}
{"message":"\npersonal listening to http://[::]:8080","level":"info","service":"user-service","timestamp":"2020-03-16 14:15:41"}
{"message":"db loaded","level":"info","service":"user-service","timestamp":"2020-03-16 14:16:20"}
{"message":"Restify loaded","level":"info","service":"user-service","timestamp":"2020-03-16 14:16:20"}
{"message":"\npersonal listening to http://[::]:8080","level":"info","service":"user-service","timestamp":"2020-03-16 14:16:20"}
{"message":"db loaded","level":"info","service":"user-service","timestamp":"2020-03-16 14:17:56"}
{"message":"Restify loaded","level":"info","service":"user-service","timestamp":"2020-03-16 14:17:56"}
{"message":"\npersonal listening to http://[::]:8080","level":"info","service":"user-service","timestamp":"2020-03-16 14:17:56"}
{"message":"db loaded","level":"info","service":"user-service","timestamp":"2020-03-16 14:18:06"}
{"message":"Restify loaded","level":"info","service":"user-service","timestamp":"2020-03-16 14:18:06"}
{"message":"\npersonal listening to http://[::]:8080","level":"info","service":"user-service","timestamp":"2020-03-16 14:18:06"}
{"message":"db loaded","level":"info","service":"user-service","timestamp":"2020-03-16 14:18:19"}
{"message":"Restify loaded","level":"info","service":"user-service","timestamp":"2020-03-16 14:18:19"}
{"message":"\npersonal listening to http://[::]:8080","level":"info","service":"user-service","timestamp":"2020-03-16 14:18:19"}
{"message":"db loaded","level":"info","service":"user-service","timestamp":"2020-03-16 14:18:28"}
{"message":"Restify loaded","level":"info","service":"user-service","timestamp":"2020-03-16 14:18:28"}
{"message":"\npersonal listening to http://[::]:8080","level":"info","service":"user-service","timestamp":"2020-03-16 14:18:28"}
{"message":"db loaded","level":"info","service":"user-service","timestamp":"2020-03-16 14:19:00"}
{"message":"Restify loaded","level":"info","service":"user-service","timestamp":"2020-03-16 14:19:00"}
{"message":"\npersonal listening to http://[::]:8080","level":"info","service":"user-service","timestamp":"2020-03-16 14:19:00"}
{"message":"db loaded","level":"info","service":"user-service","timestamp":"2020-03-16 14:19:47"}
{"message":"Restify loaded","level":"info","service":"user-service","timestamp":"2020-03-16 14:19:47"}
{"message":"\npersonal listening to http://[::]:8080","level":"info","service":"user-service","timestamp":"2020-03-16 14:19:47"}
{"message":"db loaded","level":"info","service":"user-service","timestamp":"2020-03-16 14:22:20"}
{"message":"Restify loaded","level":"info","service":"user-service","timestamp":"2020-03-16 14:22:20"}
{"message":"\npersonal listening to http://[::]:8080","level":"info","service":"user-service","timestamp":"2020-03-16 14:22:20"}
{"message":"db loaded","level":"info","service":"user-service","timestamp":"2020-03-16 14:22:24"}
{"message":"Restify loaded","level":"info","service":"user-service","timestamp":"2020-03-16 14:22:24"}
{"message":"\npersonal listening to http://[::]:8080","level":"info","service":"user-service","timestamp":"2020-03-16 14:22:24"}
{"message":"db loaded","level":"info","service":"user-service","timestamp":"2020-03-16 14:23:22"}
{"message":"Restify loaded","level":"info","service":"user-service","timestamp":"2020-03-16 14:23:22"}
{"message":"\npersonal listening to http://[::]:8080","level":"info","service":"user-service","timestamp":"2020-03-16 14:23:22"}
{"message":"db loaded","level":"info","service":"user-service","timestamp":"2020-03-16 14:23:29"}
{"message":"Restify loaded","level":"info","service":"user-service","timestamp":"2020-03-16 14:23:29"}
{"message":"\npersonal listening to http://[::]:8080","level":"info","service":"user-service","timestamp":"2020-03-16 14:23:29"}
{"message":"db loaded","level":"info","service":"user-service","timestamp":"2020-03-16 15:27:57"}
{"message":"Restify loaded","level":"info","service":"user-service","timestamp":"2020-03-16 15:27:57"}
{"message":"\npersonal listening to http://[::]:8080","level":"info","service":"user-service","timestamp":"2020-03-16 15:27:57"}
{"message":"db loaded","level":"info","service":"user-service","timestamp":"2020-03-16 15:29:34"}
{"message":"Restify loaded","level":"info","service":"user-service","timestamp":"2020-03-16 15:29:34"}
{"message":"\npersonal listening to http://[::]:8080","level":"info","service":"user-service","timestamp":"2020-03-16 15:29:34"}
{"message":"db loaded","level":"info","service":"user-service","timestamp":"2020-03-16 15:29:45"}
{"message":"Restify loaded","level":"info","service":"user-service","timestamp":"2020-03-16 15:29:45"}
{"message":"\npersonal listening to http://[::]:8080","level":"info","service":"user-service","timestamp":"2020-03-16 15:29:45"}
